DEBUG main org.springframework.context.annotation.ClassPathBeanDefinitionScanner - Identified candidate component class: file [D:\Idea\ideaproject\ktv\target\classes\com\mql\controller\CompartmentController.class]
DEBUG main org.springframework.context.annotation.ClassPathBeanDefinitionScanner - Identified candidate component class: file [D:\Idea\ideaproject\ktv\target\classes\com\mql\controller\MusicController.class]
DEBUG main org.springframework.context.annotation.ClassPathBeanDefinitionScanner - Identified candidate component class: file [D:\Idea\ideaproject\ktv\target\classes\com\mql\controller\PageController.class]
DEBUG main org.springframework.context.annotation.ClassPathBeanDefinitionScanner - Identified candidate component class: file [D:\Idea\ideaproject\ktv\target\classes\com\mql\controller\StaffController.class]
DEBUG main org.springframework.context.annotation.ClassPathBeanDefinitionScanner - Identified candidate component class: file [D:\Idea\ideaproject\ktv\target\classes\com\mql\controller\UserController.class]
DEBUG main org.springframework.context.annotation.ClassPathBeanDefinitionScanner - Identified candidate component class: file [D:\Idea\ideaproject\ktv\target\classes\com\mql\service\CompartmentService.class]
DEBUG main org.springframework.context.annotation.ClassPathBeanDefinitionScanner - Identified candidate component class: file [D:\Idea\ideaproject\ktv\target\classes\com\mql\service\MusicService.class]
DEBUG main org.springframework.context.annotation.ClassPathBeanDefinitionScanner - Identified candidate component class: file [D:\Idea\ideaproject\ktv\target\classes\com\mql\service\StaffService.class]
DEBUG main org.springframework.context.annotation.ClassPathBeanDefinitionScanner - Identified candidate component class: file [D:\Idea\ideaproject\ktv\target\classes\com\mql\service\UserService.class]
DEBUG main org.springframework.beans.factory.xml.BeanDefinitionParserDelegate - Neither XML 'id' nor 'name' specified - using generated bean name [org.springframework.beans.factory.config.PropertyPlaceholderConfigurer#0]
DEBUG main org.springframework.beans.factory.support.DefaultListableBeanFactory - Alias definition 'org.springframework.beans.factory.config.PropertyPlaceholderConfigurer' registered for name 'org.springframework.beans.factory.config.PropertyPlaceholderConfigurer#0'
DEBUG main org.springframework.beans.factory.xml.BeanDefinitionParserDelegate - Neither XML 'id' nor 'name' specified - using generated bean name [org.mybatis.spring.mapper.MapperScannerConfigurer#0]
DEBUG main org.springframework.beans.factory.support.DefaultListableBeanFactory - Alias definition 'org.mybatis.spring.mapper.MapperScannerConfigurer' registered for name 'org.mybatis.spring.mapper.MapperScannerConfigurer#0'
DEBUG main org.springframework.beans.factory.xml.XmlBeanDefinitionReader - Loaded 25 bean definitions from location pattern [classpath*:applicationContext.xml]
INFO main org.springframework.context.support.GenericApplicationContext - Refreshing org.springframework.context.support.GenericApplicationContext@32d2fa64: startup date [Sun Feb 17 14:32:09 CST 2019]; root of context hierarchy
DEBUG main org.springframework.context.support.GenericApplicationContext - Bean factory for org.springframework.context.support.GenericApplicationContext@32d2fa64: org.springframework.beans.factory.support.DefaultListableBeanFactory@47f04e4d: defining beans [compartmentController,musicController,pageController,staffController,userController,compartmentService,musicService,staffService,userService,org.springframework.context.annotation.internalConfigurationAnnotationProcessor,org.springframework.context.annotation.internalAutowiredAnnotationProcessor,org.springframework.context.annotation.internalRequiredAnnotationProcessor,org.springframework.context.annotation.internalCommonAnnotationProcessor,org.springframework.context.event.internalEventListenerProcessor,org.springframework.context.event.internalEventListenerFactory,org.springframework.beans.factory.config.PropertyPlaceholderConfigurer#0,dataSource,sqlSessionFactoryBean,org.mybatis.spring.mapper.MapperScannerConfigurer#0,transactionManager,org.springframework.transaction.config.internalTransactionalEventListenerFactory,org.springframework.aop.config.internalAutoProxyCreator,org.springframework.transaction.annotation.AnnotationTransactionAttributeSource#0,org.springframework.transaction.interceptor.TransactionInterceptor#0,org.springframework.transaction.config.internalTransactionAdvisor]; root of factory hierarchy
DEBUG main org.springframework.beans.factory.support.DefaultListableBeanFactory - Creating shared instance of singleton bean 'org.springframework.context.annotation.internalConfigurationAnnotationProcessor'
DEBUG main org.springframework.beans.factory.support.DefaultListableBeanFactory - Creating instance of bean 'org.springframework.context.annotation.internalConfigurationAnnotationProcessor'
DEBUG main org.springframework.beans.factory.support.DefaultListableBeanFactory - Eagerly caching bean 'org.springframework.context.annotation.internalConfigurationAnnotationProcessor' to allow for resolving potential circular references
DEBUG main org.springframework.beans.factory.support.DefaultListableBeanFactory - Finished creating instance of bean 'org.springframework.context.annotation.internalConfigurationAnnotationProcessor'
DEBUG main org.springframework.beans.factory.support.DefaultListableBeanFactory - Creating shared instance of singleton bean 'org.mybatis.spring.mapper.MapperScannerConfigurer#0'
DEBUG main org.springframework.beans.factory.support.DefaultListableBeanFactory - Creating instance of bean 'org.mybatis.spring.mapper.MapperScannerConfigurer#0'
DEBUG main org.springframework.beans.factory.support.DefaultListableBeanFactory - Eagerly caching bean 'org.mybatis.spring.mapper.MapperScannerConfigurer#0' to allow for resolving potential circular references
DEBUG main org.springframework.beans.factory.support.DefaultListableBeanFactory - Invoking afterPropertiesSet() on bean with name 'org.mybatis.spring.mapper.MapperScannerConfigurer#0'
DEBUG main org.springframework.beans.factory.support.DefaultListableBeanFactory - Finished creating instance of bean 'org.mybatis.spring.mapper.MapperScannerConfigurer#0'
DEBUG main org.springframework.core.env.StandardEnvironment - Adding PropertySource 'systemProperties' with lowest search precedence
DEBUG main org.springframework.core.env.StandardEnvironment - Adding PropertySource 'systemEnvironment' with lowest search precedence
DEBUG main org.springframework.core.env.StandardEnvironment - Initialized StandardEnvironment with PropertySources [MapPropertySource@1320122626 {name='systemProperties', properties={java.runtime.name=Java(TM) SE Runtime Environment, sun.boot.library.path=D:\jdk\jre\bin, java.vm.version=25.144-b01, java.vm.vendor=Oracle Corporation, java.vendor.url=http://java.oracle.com/, path.separator=;, java.vm.name=Java HotSpot(TM) 64-Bit Server VM, file.encoding.pkg=sun.io, user.country=CN, user.script=, sun.java.launcher=SUN_STANDARD, sun.os.patch.level=, java.vm.specification.name=Java Virtual Machine Specification, user.dir=D:\Idea\ideaproject\ktv, java.runtime.version=1.8.0_144-b01, java.awt.graphicsenv=sun.awt.Win32GraphicsEnvironment, java.endorsed.dirs=D:\jdk\jre\lib\endorsed, os.arch=amd64, java.io.tmpdir=C:\Users\13030\AppData\Local\Temp\, line.separator=
, java.vm.specification.vendor=Oracle Corporation, user.variant=, os.name=Windows 10, sun.jnu.encoding=GBK, java.library.path=D:\jdk\bin;C:\WINDOWS\Sun\Java\bin;C:\WINDOWS\system32;C:\WINDOWS;C:\ProgramData\Oracle\Java\javapath;C:\WINDOWS\system32;C:\WINDOWS;C:\WINDOWS\System32\Wbem;C:\WINDOWS\System32\WindowsPowerShell\v1.0\;C:\WINDOWS\System32\OpenSSH\;D:\Git\Git\cmd;C:\Users\13030\AppData\Local\Microsoft\WindowsApps;D:\maven\apache-maven-3.5.3\bin;"D:\jdk\bin;D:\jdk\jre\bin";D:\mysql-5.7.21-winx64\bin;D:\mysql-5.7.21-winx64\bin;"D:\Apache-tomcat-8.0\apache-tomcat-8.0.53\bin;D:\Apache-tomcat-8.0\apache-tomcat-8.0.53\lib";;., java.specification.name=Java Platform API Specification, java.class.version=52.0, sun.management.compiler=HotSpot 64-Bit Tiered Compilers, os.version=10.0, user.home=C:\Users\13030, user.timezone=Asia/Shanghai, java.awt.printerjob=sun.awt.windows.WPrinterJob, file.encoding=UTF-8, java.specification.version=1.8, java.class.path=D:\Idea\IntelliJ IDEA 2018.2.1\lib\idea_rt.jar;D:\Idea\IntelliJ IDEA 2018.2.1\plugins\junit\lib\junit-rt.jar;D:\Idea\IntelliJ IDEA 2018.2.1\plugins\junit\lib\junit5-rt.jar;D:\jdk\jre\lib\charsets.jar;D:\jdk\jre\lib\deploy.jar;D:\jdk\jre\lib\ext\access-bridge-64.jar;D:\jdk\jre\lib\ext\cldrdata.jar;D:\jdk\jre\lib\ext\dnsns.jar;D:\jdk\jre\lib\ext\jaccess.jar;D:\jdk\jre\lib\ext\jfxrt.jar;D:\jdk\jre\lib\ext\localedata.jar;D:\jdk\jre\lib\ext\nashorn.jar;D:\jdk\jre\lib\ext\sunec.jar;D:\jdk\jre\lib\ext\sunjce_provider.jar;D:\jdk\jre\lib\ext\sunmscapi.jar;D:\jdk\jre\lib\ext\sunpkcs11.jar;D:\jdk\jre\lib\ext\zipfs.jar;D:\jdk\jre\lib\javaws.jar;D:\jdk\jre\lib\jce.jar;D:\jdk\jre\lib\jfr.jar;D:\jdk\jre\lib\jfxswt.jar;D:\jdk\jre\lib\jsse.jar;D:\jdk\jre\lib\management-agent.jar;D:\jdk\jre\lib\plugin.jar;D:\jdk\jre\lib\resources.jar;D:\jdk\jre\lib\rt.jar;D:\Idea\ideaproject\ktv\target\test-classes;D:\Idea\ideaproject\ktv\target\classes;D:\maven\maven-repository\junit\junit\4.12\junit-4.12.jar;D:\maven\maven-repository\org\hamcrest\hamcrest-core\1.3\hamcrest-core-1.3.jar;D:\maven\maven-repository\org\hibernate\validator\hibernate-validator\6.0.5.Final\hibernate-validator-6.0.5.Final.jar;D:\maven\maven-repository\javax\validation\validation-api\2.0.0.Final\validation-api-2.0.0.Final.jar;D:\maven\maven-repository\org\jboss\logging\jboss-logging\3.3.0.Final\jboss-logging-3.3.0.Final.jar;D:\maven\maven-repository\com\fasterxml\classmate\1.3.1\classmate-1.3.1.jar;D:\maven\maven-repository\redis\clients\jedis\2.9.0\jedis-2.9.0.jar;D:\maven\maven-repository\org\apache\commons\commons-pool2\2.4.2\commons-pool2-2.4.2.jar;D:\maven\maven-repository\org\springframework\data\spring-data-redis\2.0.9.RELEASE\spring-data-redis-2.0.9.RELEASE.jar;D:\maven\maven-repository\org\springframework\data\spring-data-keyvalue\2.0.9.RELEASE\spring-data-keyvalue-2.0.9.RELEASE.jar;D:\maven\maven-repository\org\springframework\data\spring-data-commons\2.0.9.RELEASE\spring-data-commons-2.0.9.RELEASE.jar;D:\maven\maven-repository\org\springframework\spring-oxm\5.0.8.RELEASE\spring-oxm-5.0.8.RELEASE.jar;D:\maven\maven-repository\com\github\pagehelper\pagehelper\5.0.0\pagehelper-5.0.0.jar;D:\maven\maven-repository\com\github\jsqlparser\jsqlparser\0.9.5\jsqlparser-0.9.5.jar;D:\maven\maven-repository\org\springframework\spring-test\5.0.8.RELEASE\spring-test-5.0.8.RELEASE.jar;D:\maven\maven-repository\org\springframework\spring-webmvc\5.0.8.RELEASE\spring-webmvc-5.0.8.RELEASE.jar;D:\maven\maven-repository\org\springframework\spring-expression\5.0.8.RELEASE\spring-expression-5.0.8.RELEASE.jar;D:\maven\maven-repository\org\springframework\spring-core\5.0.8.RELEASE\spring-core-5.0.8.RELEASE.jar;D:\maven\maven-repository\org\springframework\spring-jcl\5.0.8.RELEASE\spring-jcl-5.0.8.RELEASE.jar;D:\maven\maven-repository\org\springframework\spring-beans\5.0.8.RELEASE\spring-beans-5.0.8.RELEASE.jar;D:\maven\maven-repository\org\springframework\spring-context\5.0.8.RELEASE\spring-context-5.0.8.RELEASE.jar;D:\maven\maven-repository\org\springframework\spring-context-support\5.0.8.RELEASE\spring-context-support-5.0.8.RELEASE.jar;D:\maven\maven-repository\org\springframework\spring-aop\5.0.8.RELEASE\spring-aop-5.0.8.RELEASE.jar;D:\maven\maven-repository\org\springframework\spring-aspects\4.0.9.RELEASE\spring-aspects-4.0.9.RELEASE.jar;D:\maven\maven-repository\org\springframework\spring-tx\5.0.8.RELEASE\spring-tx-5.0.8.RELEASE.jar;D:\maven\maven-repository\org\springframework\spring-web\5.0.8.RELEASE\spring-web-5.0.8.RELEASE.jar;D:\maven\maven-repository\org\springframework\spring-jdbc\5.0.8.RELEASE\spring-jdbc-5.0.8.RELEASE.jar;D:\maven\maven-repository\org\aspectj\aspectjrt\1.7.4\aspectjrt-1.7.4.jar;D:\maven\maven-repository\org\aspectj\aspectjweaver\1.7.4\aspectjweaver-1.7.4.jar;D:\maven\maven-repository\cglib\cglib\3.1\cglib-3.1.jar;D:\maven\maven-repository\org\ow2\asm\asm\4.2\asm-4.2.jar;D:\maven\maven-repository\org\mybatis\mybatis\3.4.6\mybatis-3.4.6.jar;D:\maven\maven-repository\org\mybatis\generator\mybatis-generator-core\1.3.6\mybatis-generator-core-1.3.6.jar;D:\maven\maven-repository\org\mybatis\mybatis-spring\1.3.1\mybatis-spring-1.3.1.jar;D:\maven\maven-repository\mysql\mysql-connector-java\5.1.34\mysql-connector-java-5.1.34.jar;D:\maven\maven-repository\com\alibaba\druid\1.0.5\druid-1.0.5.jar;D:\maven\maven-repository\log4j\log4j\1.2.17\log4j-1.2.17.jar;D:\maven\maven-repository\org\slf4j\slf4j-api\1.7.7\slf4j-api-1.7.7.jar;D:\maven\maven-repository\org\slf4j\slf4j-log4j12\1.7.7\slf4j-log4j12-1.7.7.jar;D:\maven\maven-repository\javax\servlet\javax.servlet-api\3.0.1\javax.servlet-api-3.0.1.jar;D:\maven\maven-repository\javax\servlet\jsp\jsp-api\2.2\jsp-api-2.2.jar;D:\maven\maven-repository\javax\servlet\jstl\1.2\jstl-1.2.jar;D:\maven\maven-repository\org\codehaus\jackson\jackson-core-asl\1.9.13\jackson-core-asl-1.9.13.jar;D:\maven\maven-repository\org\codehaus\jackson\jackson-mapper-asl\1.9.13\jackson-mapper-asl-1.9.13.jar;D:\maven\maven-repository\com\fasterxml\jackson\core\jackson-annotations\2.9.7\jackson-annotations-2.9.7.jar;D:\maven\maven-repository\com\fasterxml\jackson\core\jackson-databind\2.9.7\jackson-databind-2.9.7.jar;D:\maven\maven-repository\com\fasterxml\jackson\core\jackson-core\2.9.7\jackson-core-2.9.7.jar;D:\maven\maven-repository\net\sf\json-lib\json-lib\2.1\json-lib-2.1-jdk15.jar;D:\maven\maven-repository\commons-collections\commons-collections\3.2\commons-collections-3.2.jar;D:\maven\maven-repository\commons-lang\commons-lang\2.3\commons-lang-2.3.jar;D:\maven\maven-repository\commons-logging\commons-logging\1.1\commons-logging-1.1.jar;D:\maven\maven-repository\net\sf\ezmorph\ezmorph\1.0.3\ezmorph-1.0.3.jar;D:\maven\maven-repository\dom4j\dom4j\1.6.1\dom4j-1.6.1.jar;D:\maven\maven-repository\xml-apis\xml-apis\1.0.b2\xml-apis-1.0.b2.jar;D:\maven\maven-repository\net\sf\ehcache\ehcache-core\2.6.9\ehcache-core-2.6.9.jar;D:\maven\maven-repository\net\sf\ehcache\ehcache-web\2.0.4\ehcache-web-2.0.4.jar;D:\maven\maven-repository\org\mybatis\caches\mybatis-ehcache\1.1.0\mybatis-ehcache-1.1.0.jar;D:\maven\maven-repository\commons-fileupload\commons-fileupload\1.3.1\commons-fileupload-1.3.1.jar;D:\maven\maven-repository\commons-io\commons-io\2.4\commons-io-2.4.jar;D:\maven\maven-repository\commons-codec\commons-codec\1.9\commons-codec-1.9.jar;D:\maven\maven-repository\org\apache\commons\commons-collections4\4.0\commons-collections4-4.0.jar;D:\maven\maven-repository\org\apache\commons\commons-lang3\3.3.2\commons-lang3-3.3.2.jar;D:\maven\maven-repository\commons-beanutils\commons-beanutils\1.7.0\commons-beanutils-1.7.0.jar;D:\maven\maven-repository\org\freemarker\freemarker\2.3.19\freemarker-2.3.19.jar;D:\maven\maven-repository\taglibs\standard\1.1.2\standard-1.1.2.jar;D:\maven\maven-repository\commons-dbcp\commons-dbcp\1.4\commons-dbcp-1.4.jar;D:\maven\maven-repository\commons-pool\commons-pool\1.5.4\commons-pool-1.5.4.jar;D:\maven\maven-repository\javax\mail\mail\1.4.7\mail-1.4.7.jar;D:\maven\maven-repository\javax\activation\activation\1.1.1\activation-1.1.1.jar;D:\maven\maven-repository\org\apache\commons\commons-email\1.5\commons-email-1.5.jar;D:\maven\maven-repository\com\sun\mail\javax.mail\1.5.6\javax.mail-1.5.6.jar;D:\Idea\IntelliJ IDEA 2018.2.1\lib\idea_rt.jar, user.name=13030, java.vm.specification.version=1.8, sun.java.command=com.intellij.rt.execution.junit.JUnitStarter -ideVersion5 -junit4 com.mql.dao.TbCompartmentDaoTest,insert, java.home=D:\jdk\jre, sun.arch.data.model=64, user.language=zh, java.specification.vendor=Oracle Corporation, awt.toolkit=sun.awt.windows.WToolkit, java.vm.info=mixed mode, java.version=1.8.0_144, java.ext.dirs=D:\jdk\jre\lib\ext;C:\WINDOWS\Sun\Java\lib\ext, sun.boot.class.path=D:\jdk\jre\lib\resources.jar;D:\jdk\jre\lib\rt.jar;D:\jdk\jre\lib\sunrsasign.jar;D:\jdk\jre\lib\jsse.jar;D:\jdk\jre\lib\jce.jar;D:\jdk\jre\lib\charsets.jar;D:\jdk\jre\lib\jfr.jar;D:\jdk\jre\classes, java.vendor=Oracle Corporation, file.separator=\, java.vendor.url.bug=http://bugreport.sun.com/bugreport/, idea.test.cyclic.buffer.size=1048576, sun.io.unicode.encoding=UnicodeLittle, sun.cpu.endian=little, sun.desktop=windows, sun.cpu.isalist=amd64}}, SystemEnvironmentPropertySource@549982920 {name='systemEnvironment', properties={USERDOMAIN_ROAMINGPROFILE=MQL, LOCALAPPDATA=C:\Users\13030\AppData\Local, PROCESSOR_LEVEL=6, USERDOMAIN=MQL, FPS_BROWSER_APP_PROFILE_STRING=Internet Explorer, LOGONSERVER=\\MQL, JAVA_HOME=D:\jdk, SESSIONNAME=Console, ALLUSERSPROFILE=C:\ProgramData, PROCESSOR_ARCHITECTURE=AMD64, PSModulePath=C:\Program Files\WindowsPowerShell\Modules;C:\WINDOWS\system32\WindowsPowerShell\v1.0\Modules, SystemDrive=C:, MAVEN_HOME=D:\maven\apache-maven-3.5.3, OneDrive=C:\Users\13030\OneDrive, APPDATA=C:\Users\13030\AppData\Roaming, USERNAME=13030, TOMCAT_HOME=D:\Apache-tomcat-8.0\apache-tomcat-8.0.53, ProgramFiles(x86)=C:\Program Files (x86), CommonProgramFiles=C:\Program Files\Common Files, Path=C:\ProgramData\Oracle\Java\javapath;C:\WINDOWS\system32;C:\WINDOWS;C:\WINDOWS\System32\Wbem;C:\WINDOWS\System32\WindowsPowerShell\v1.0\;C:\WINDOWS\System32\OpenSSH\;D:\Git\Git\cmd;C:\Users\13030\AppData\Local\Microsoft\WindowsApps;D:\maven\apache-maven-3.5.3\bin;"D:\jdk\bin;D:\jdk\jre\bin";D:\mysql-5.7.21-winx64\bin;D:\mysql-5.7.21-winx64\bin;"D:\Apache-tomcat-8.0\apache-tomcat-8.0.53\bin;D:\Apache-tomcat-8.0\apache-tomcat-8.0.53\lib";, FPS_BROWSER_USER_PROFILE_STRING=Default, PATHEXT=.COM;.EXE;.BAT;.CMD;.VBS;.VBE;.JS;.JSE;.WSF;.WSH;.MSC, DriverData=C:\Windows\System32\Drivers\DriverData, OS=Windows_NT, OneDriveConsumer=C:\Users\13030\OneDrive, COMPUTERNAME=MQL, CATALINA_HOME=D:\Apache-tomcat-8.0\apache-tomcat-8.0.53, PROCESSOR_REVISION=4e03, CommonProgramW6432=C:\Program Files\Common Files, ComSpec=C:\WINDOWS\system32\cmd.exe, ProgramData=C:\ProgramData, ProgramW6432=C:\Program Files, HOMEPATH=\Users\13030, SystemRoot=C:\WINDOWS, TEMP=C:\Users\13030\AppData\Local\Temp, MYSQL_HOME=D:\mysql-5.7.21-winx64, HOMEDRIVE=C:, PROCESSOR_IDENTIFIER=Intel64 Family 6 Model 78 Stepping 3, GenuineIntel, USERPROFILE=C:\Users\13030, TMP=C:\Users\13030\AppData\Local\Temp, CommonProgramFiles(x86)=C:\Program Files (x86)\Common Files, ProgramFiles=C:\Program Files, PUBLIC=C:\Users\Public, NUMBER_OF_PROCESSORS=4, windir=C:\WINDOWS, =::=::\}}]
DEBUG main org.springframework.core.io.support.PathMatchingResourcePatternResolver - Resolved classpath location [com/mql/dao/] to resources [URL [file:/D:/Idea/ideaproject/ktv/target/test-classes/com/mql/dao/], URL [file:/D:/Idea/ideaproject/ktv/target/classes/com/mql/dao/]]
DEBUG main org.springframework.core.io.support.PathMatchingResourcePatternResolver - Looking for matching resources in directory tree [D:\Idea\ideaproject\ktv\target\test-classes\com\mql\dao]
DEBUG main org.springframework.core.io.support.PathMatchingResourcePatternResolver - Searching directory [D:\Idea\ideaproject\ktv\target\test-classes\com\mql\dao] for files matching pattern [D:/Idea/ideaproject/ktv/target/test-classes/com/mql/dao/**/*.class]
DEBUG main org.springframework.core.io.support.PathMatchingResourcePatternResolver - Looking for matching resources in directory tree [D:\Idea\ideaproject\ktv\target\classes\com\mql\dao]
DEBUG main org.springframework.core.io.support.PathMatchingResourcePatternResolver - Searching directory [D:\Idea\ideaproject\ktv\target\classes\com\mql\dao] for files matching pattern [D:/Idea/ideaproject/ktv/target/classes/com/mql/dao/**/*.class]
DEBUG main org.springframework.core.io.support.PathMatchingResourcePatternResolver - Resolved location pattern [classpath*:com/mql/dao/**/*.class] to resources [file [D:\Idea\ideaproject\ktv\target\test-classes\com\mql\dao\TbCompartmentDaoTest.class], file [D:\Idea\ideaproject\ktv\target\classes\com\mql\dao\TbCompartmentDao.class], file [D:\Idea\ideaproject\ktv\target\classes\com\mql\dao\TbMusicDao.class], file [D:\Idea\ideaproject\ktv\target\classes\com\mql\dao\TbStaffDao.class], file [D:\Idea\ideaproject\ktv\target\classes\com\mql\dao\TbUserDao.class]]
DEBUG main org.mybatis.spring.mapper.ClassPathMapperScanner - Ignored because not a concrete top-level class: file [D:\Idea\ideaproject\ktv\target\test-classes\com\mql\dao\TbCompartmentDaoTest.class]
DEBUG main org.mybatis.spring.mapper.ClassPathMapperScanner - Identified candidate component class: file [D:\Idea\ideaproject\ktv\target\classes\com\mql\dao\TbCompartmentDao.class]
DEBUG main org.mybatis.spring.mapper.ClassPathMapperScanner - Identified candidate component class: file [D:\Idea\ideaproject\ktv\target\classes\com\mql\dao\TbMusicDao.class]
DEBUG main org.mybatis.spring.mapper.ClassPathMapperScanner - Identified candidate component class: file [D:\Idea\ideaproject\ktv\target\classes\com\mql\dao\TbStaffDao.class]
DEBUG main org.mybatis.spring.mapper.ClassPathMapperScanner - Identified candidate component class: file [D:\Idea\ideaproject\ktv\target\classes\com\mql\dao\TbUserDao.class]
DEBUG main org.mybatis.spring.mapper.ClassPathMapperScanner - Creating MapperFactoryBean with name 'tbCompartmentDao' and 'com.mql.dao.TbCompartmentDao' mapperInterface
DEBUG main org.mybatis.spring.mapper.ClassPathMapperScanner - Creating MapperFactoryBean with name 'tbMusicDao' and 'com.mql.dao.TbMusicDao' mapperInterface
DEBUG main org.mybatis.spring.mapper.ClassPathMapperScanner - Creating MapperFactoryBean with name 'tbStaffDao' and 'com.mql.dao.TbStaffDao' mapperInterface
DEBUG main org.mybatis.spring.mapper.ClassPathMapperScanner - Creating MapperFactoryBean with name 'tbUserDao' and 'com.mql.dao.TbUserDao' mapperInterface
DEBUG main org.springframework.beans.factory.support.DefaultListableBeanFactory - Creating shared instance of singleton bean 'org.springframework.beans.factory.config.PropertyPlaceholderConfigurer#0'
DEBUG main org.springframework.beans.factory.support.DefaultListableBeanFactory - Creating instance of bean 'org.springframework.beans.factory.config.PropertyPlaceholderConfigurer#0'
DEBUG main org.springframework.beans.factory.support.DefaultListableBeanFactory - Eagerly caching bean 'org.springframework.beans.factory.config.PropertyPlaceholderConfigurer#0' to allow for resolving potential circular references
DEBUG main org.springframework.beans.factory.support.DefaultListableBeanFactory - Finished creating instance of bean 'org.springframework.beans.factory.config.PropertyPlaceholderConfigurer#0'
DEBUG main org.springframework.beans.factory.config.PropertyPlaceholderConfigurer - Loading properties file from class path resource [jdbc.properties]
DEBUG main org.springframework.beans.factory.support.DefaultListableBeanFactory - Creating shared instance of singleton bean 'org.springframework.context.annotation.internalAutowiredAnnotationProcessor'
DEBUG main org.springframework.beans.factory.support.DefaultListableBeanFactory - Creating instance of bean 'org.springframework.context.annotation.internalAutowiredAnnotationProcessor'
DEBUG main org.springframework.beans.factory.support.DefaultListableBeanFactory - Eagerly caching bean 'org.springframework.context.annotation.internalAutowiredAnnotationProcessor' to allow for resolving potential circular references
DEBUG main org.springframework.beans.factory.support.DefaultListableBeanFactory - Finished creating instance of bean 'org.springframework.context.annotation.internalAutowiredAnnotationProcessor'
DEBUG main org.springframework.beans.factory.support.DefaultListableBeanFactory - Creating shared instance of singleton bean 'org.springframework.context.annotation.internalRequiredAnnotationProcessor'
DEBUG main org.springframework.beans.factory.support.DefaultListableBeanFactory - Creating instance of bean 'org.springframework.context.annotation.internalRequiredAnnotationProcessor'
DEBUG main org.springframework.beans.factory.support.DefaultListableBeanFactory - Eagerly caching bean 'org.springframework.context.annotation.internalRequiredAnnotationProcessor' to allow for resolving potential circular references
DEBUG main org.springframework.beans.factory.support.DefaultListableBeanFactory - Finished creating instance of bean 'org.springframework.context.annotation.internalRequiredAnnotationProcessor'
DEBUG main org.springframework.beans.factory.support.DefaultListableBeanFactory - Creating shared instance of singleton bean 'org.springframework.context.annotation.internalCommonAnnotationProcessor'
DEBUG main org.springframework.beans.factory.support.DefaultListableBeanFactory - Creating instance of bean 'org.springframework.context.annotation.internalCommonAnnotationProcessor'
DEBUG main org.springframework.beans.factory.support.DefaultListableBeanFactory - Eagerly caching bean 'org.springframework.context.annotation.internalCommonAnnotationProcessor' to allow for resolving potential circular references
DEBUG main org.springframework.beans.factory.support.DefaultListableBeanFactory - Finished creating instance of bean 'org.springframework.context.annotation.internalCommonAnnotationProcessor'
DEBUG main org.springframework.beans.factory.support.DefaultListableBeanFactory - Creating shared instance of singleton bean 'org.springframework.aop.config.internalAutoProxyCreator'
DEBUG main org.springframework.beans.factory.support.DefaultListableBeanFactory - Creating instance of bean 'org.springframework.aop.config.internalAutoProxyCreator'
DEBUG main org.springframework.beans.factory.support.DefaultListableBeanFactory - Eagerly caching bean 'org.springframework.aop.config.internalAutoProxyCreator' to allow for resolving potential circular references
DEBUG main org.springframework.beans.factory.support.DefaultListableBeanFactory - Finished creating instance of bean 'org.springframework.aop.config.internalAutoProxyCreator'
DEBUG main org.springframework.context.support.GenericApplicationContext - Unable to locate MessageSource with name 'messageSource': using default [org.springframework.context.support.DelegatingMessageSource@52559a69]
DEBUG main org.springframework.context.support.GenericApplicationContext - Unable to locate ApplicationEventMulticaster with name 'applicationEventMulticaster': using default [org.springframework.context.event.SimpleApplicationEventMulticaster@7186b202]
DEBUG main org.springframework.beans.factory.support.DefaultListableBeanFactory - Pre-instantiating singletons in org.springframework.beans.factory.support.DefaultListableBeanFactory@47f04e4d: defining beans [compartmentController,musicController,pageController,staffController,userController,compartmentService,musicService,staffService,userService,org.springframework.context.annotation.internalConfigurationAnnotationProcessor,org.springframework.context.annotation.internalAutowiredAnnotationProcessor,org.springframework.context.annotation.internalRequiredAnnotationProcessor,org.springframework.context.annotation.internalCommonAnnotationProcessor,org.springframework.context.event.internalEventListenerProcessor,org.springframework.context.event.internalEventListenerFactory,org.springframework.beans.factory.config.PropertyPlaceholderConfigurer#0,dataSource,sqlSessionFactoryBean,org.mybatis.spring.mapper.MapperScannerConfigurer#0,transactionManager,org.springframework.transaction.config.internalTransactionalEventListenerFactory,org.springframework.aop.config.internalAutoProxyCreator,org.springframework.transaction.annotation.AnnotationTransactionAttributeSource#0,org.springframework.transaction.interceptor.TransactionInterceptor#0,org.springframework.transaction.config.internalTransactionAdvisor,tbCompartmentDao,tbMusicDao,tbStaffDao,tbUserDao]; root of factory hierarchy
DEBUG main org.springframework.beans.factory.support.DefaultListableBeanFactory - Returning cached instance of singleton bean 'org.springframework.context.annotation.internalConfigurationAnnotationProcessor'
DEBUG main org.springframework.beans.factory.support.DefaultListableBeanFactory - Returning cached instance of singleton bean 'org.springframework.context.annotation.internalAutowiredAnnotationProcessor'
DEBUG main org.springframework.beans.factory.support.DefaultListableBeanFactory - Returning cached instance of singleton bean 'org.springframework.context.annotation.internalRequiredAnnotationProcessor'
DEBUG main org.springframework.beans.factory.support.DefaultListableBeanFactory - Returning cached instance of singleton bean 'org.springframework.context.annotation.internalCommonAnnotationProcessor'
DEBUG main org.springframework.beans.factory.support.DefaultListableBeanFactory - Creating shared instance of singleton bean 'org.springframework.context.event.internalEventListenerProcessor'
DEBUG main org.springframework.beans.factory.support.DefaultListableBeanFactory - Creating instance of bean 'org.springframework.context.event.internalEventListenerProcessor'
DEBUG main org.springframework.beans.factory.support.DefaultListableBeanFactory - Eagerly caching bean 'org.springframework.context.event.internalEventListenerProcessor' to allow for resolving potential circular references
DEBUG main org.springframework.beans.factory.support.DefaultListableBeanFactory - Creating shared instance of singleton bean 'org.springframework.transaction.config.internalTransactionAdvisor'
DEBUG main org.springframework.beans.factory.support.DefaultListableBeanFactory - Creating instance of bean 'org.springframework.transaction.config.internalTransactionAdvisor'
DEBUG main org.springframework.beans.factory.support.DefaultListableBeanFactory - Eagerly caching bean 'org.springframework.transaction.config.internalTransactionAdvisor' to allow for resolving potential circular references
DEBUG main org.springframework.beans.factory.support.DefaultListableBeanFactory - Creating shared instance of singleton bean 'org.springframework.transaction.annotation.AnnotationTransactionAttributeSource#0'
DEBUG main org.springframework.beans.factory.support.DefaultListableBeanFactory - Creating instance of bean 'org.springframework.transaction.annotation.AnnotationTransactionAttributeSource#0'
DEBUG main org.springframework.beans.factory.support.DefaultListableBeanFactory - Eagerly caching bean 'org.springframework.transaction.annotation.AnnotationTransactionAttributeSource#0' to allow for resolving potential circular references
DEBUG main org.springframework.aop.framework.autoproxy.BeanFactoryAdvisorRetrievalHelper - Skipping currently created advisor 'org.springframework.transaction.config.internalTransactionAdvisor'
DEBUG main org.springframework.beans.factory.support.DefaultListableBeanFactory - Finished creating instance of bean 'org.springframework.transaction.annotation.AnnotationTransactionAttributeSource#0'
DEBUG main org.springframework.beans.factory.support.DefaultListableBeanFactory - Finished creating instance of bean 'org.springframework.transaction.config.internalTransactionAdvisor'
DEBUG main org.springframework.beans.factory.support.DefaultListableBeanFactory - Finished creating instance of bean 'org.springframework.context.event.internalEventListenerProcessor'
DEBUG main org.springframework.beans.factory.support.DefaultListableBeanFactory - Creating shared instance of singleton bean 'org.springframework.context.event.internalEventListenerFactory'
DEBUG main org.springframework.beans.factory.support.DefaultListableBeanFactory - Creating instance of bean 'org.springframework.context.event.internalEventListenerFactory'
DEBUG main org.springframework.beans.factory.support.DefaultListableBeanFactory - Eagerly caching bean 'org.springframework.context.event.internalEventListenerFactory' to allow for resolving potential circular references
DEBUG main org.springframework.beans.factory.support.DefaultListableBeanFactory - Returning cached instance of singleton bean 'org.springframework.transaction.config.internalTransactionAdvisor'
DEBUG main org.springframework.beans.factory.support.DefaultListableBeanFactory - Finished creating instance of bean 'org.springframework.context.event.internalEventListenerFactory'
DEBUG main org.springframework.beans.factory.support.DefaultListableBeanFactory - Creating shared instance of singleton bean 'org.springframework.transaction.config.internalTransactionalEventListenerFactory'
DEBUG main org.springframework.beans.factory.support.DefaultListableBeanFactory - Creating instance of bean 'org.springframework.transaction.config.internalTransactionalEventListenerFactory'
DEBUG main org.springframework.beans.factory.support.DefaultListableBeanFactory - Eagerly caching bean 'org.springframework.transaction.config.internalTransactionalEventListenerFactory' to allow for resolving potential circular references
DEBUG main org.springframework.beans.factory.support.DefaultListableBeanFactory - Returning cached instance of singleton bean 'org.springframework.transaction.config.internalTransactionAdvisor'
DEBUG main org.springframework.beans.factory.support.DefaultListableBeanFactory - Finished creating instance of bean 'org.springframework.transaction.config.internalTransactionalEventListenerFactory'
DEBUG main org.springframework.beans.factory.support.DefaultListableBeanFactory - Returning cached instance of singleton bean 'org.springframework.aop.config.internalAutoProxyCreator'
DEBUG main org.springframework.beans.factory.support.DefaultListableBeanFactory - Returning cached instance of singleton bean 'org.springframework.transaction.annotation.AnnotationTransactionAttributeSource#0'
DEBUG main org.springframework.beans.factory.support.DefaultListableBeanFactory - Creating shared instance of singleton bean 'org.springframework.transaction.interceptor.TransactionInterceptor#0'
DEBUG main org.springframework.beans.factory.support.DefaultListableBeanFactory - Creating instance of bean 'org.springframework.transaction.interceptor.TransactionInterceptor#0'
DEBUG main org.springframework.beans.factory.support.DefaultListableBeanFactory - Eagerly caching bean 'org.springframework.transaction.interceptor.TransactionInterceptor#0' to allow for resolving potential circular references
DEBUG main org.springframework.beans.factory.support.DefaultListableBeanFactory - Returning cached instance of singleton bean 'org.springframework.transaction.annotation.AnnotationTransactionAttributeSource#0'
DEBUG main org.springframework.beans.factory.support.DefaultListableBeanFactory - Invoking afterPropertiesSet() on bean with name 'org.springframework.transaction.interceptor.TransactionInterceptor#0'
DEBUG main org.springframework.beans.factory.support.DefaultListableBeanFactory - Finished creating instance of bean 'org.springframework.transaction.interceptor.TransactionInterceptor#0'
DEBUG main org.springframework.beans.factory.support.DefaultListableBeanFactory - Returning cached instance of singleton bean 'org.springframework.transaction.config.internalTransactionAdvisor'
DEBUG main org.springframework.beans.factory.support.DefaultListableBeanFactory - Creating shared instance of singleton bean 'tbCompartmentDao'
DEBUG main org.springframework.beans.factory.support.DefaultListableBeanFactory - Creating instance of bean 'tbCompartmentDao'
DEBUG main org.springframework.beans.factory.support.DefaultListableBeanFactory - Eagerly caching bean 'tbCompartmentDao' to allow for resolving potential circular references
DEBUG main org.springframework.beans.factory.support.DefaultListableBeanFactory - Creating shared instance of singleton bean 'sqlSessionFactoryBean'
DEBUG main org.springframework.beans.factory.support.DefaultListableBeanFactory - Creating instance of bean 'sqlSessionFactoryBean'
DEBUG main org.apache.ibatis.logging.LogFactory - Logging initialized using 'class org.apache.ibatis.logging.slf4j.Slf4jImpl' adapter.
DEBUG main org.springframework.beans.factory.support.DefaultListableBeanFactory - Eagerly caching bean 'sqlSessionFactoryBean' to allow for resolving potential circular references
DEBUG main org.springframework.beans.factory.support.DefaultListableBeanFactory - Creating shared instance of singleton bean 'dataSource'
DEBUG main org.springframework.beans.factory.support.DefaultListableBeanFactory - Creating instance of bean 'dataSource'
DEBUG main org.springframework.beans.factory.support.DefaultListableBeanFactory - Eagerly caching bean 'dataSource' to allow for resolving potential circular references
DEBUG main org.springframework.beans.factory.support.DefaultListableBeanFactory - Returning cached instance of singleton bean 'org.springframework.transaction.config.internalTransactionAdvisor'
DEBUG main org.springframework.beans.factory.support.DefaultListableBeanFactory - Finished creating instance of bean 'dataSource'
DEBUG main org.springframework.core.io.support.PathMatchingResourcePatternResolver - Looking for matching resources in directory tree [D:\Idea\ideaproject\ktv\target\classes\mappers]
DEBUG main org.springframework.core.io.support.PathMatchingResourcePatternResolver - Searching directory [D:\Idea\ideaproject\ktv\target\classes\mappers] for files matching pattern [D:/Idea/ideaproject/ktv/target/classes/mappers/*.xml]
DEBUG main org.springframework.core.io.support.PathMatchingResourcePatternResolver - Resolved location pattern [classpath:mappers/*.xml] to resources [file [D:\Idea\ideaproject\ktv\target\classes\mappers\TbCompartmentDao.xml], file [D:\Idea\ideaproject\ktv\target\classes\mappers\TbMusicDao.xml], file [D:\Idea\ideaproject\ktv\target\classes\mappers\TbStaff.xml], file [D:\Idea\ideaproject\ktv\target\classes\mappers\TbUserDao.xml]]
DEBUG main org.springframework.beans.factory.support.DefaultListableBeanFactory - Invoking afterPropertiesSet() on bean with name 'sqlSessionFactoryBean'
DEBUG main org.apache.ibatis.io.VFS - Class not found: org.jboss.vfs.VFS
DEBUG main org.apache.ibatis.io.JBoss6VFS - JBoss 6 VFS API is not available in this environment.
DEBUG main org.apache.ibatis.io.VFS - Class not found: org.jboss.vfs.VirtualFile
DEBUG main org.apache.ibatis.io.VFS - VFS implementation org.apache.ibatis.io.JBoss6VFS is not valid in this environment.
DEBUG main org.apache.ibatis.io.VFS - Using VFS adapter org.apache.ibatis.io.DefaultVFS
DEBUG main org.mybatis.spring.SqlSessionFactoryBean - Parsed configuration file: 'class path resource [mybatis-config.xml]'
DEBUG main org.mybatis.spring.SqlSessionFactoryBean - Parsed mapper file: 'file [D:\Idea\ideaproject\ktv\target\classes\mappers\TbCompartmentDao.xml]'
DEBUG main org.mybatis.spring.SqlSessionFactoryBean - Parsed mapper file: 'file [D:\Idea\ideaproject\ktv\target\classes\mappers\TbMusicDao.xml]'
DEBUG main org.mybatis.spring.SqlSessionFactoryBean - Parsed mapper file: 'file [D:\Idea\ideaproject\ktv\target\classes\mappers\TbStaff.xml]'
DEBUG main org.mybatis.spring.SqlSessionFactoryBean - Parsed mapper file: 'file [D:\Idea\ideaproject\ktv\target\classes\mappers\TbUserDao.xml]'
DEBUG main org.springframework.beans.factory.support.DefaultListableBeanFactory - Returning cached instance of singleton bean 'org.springframework.transaction.config.internalTransactionAdvisor'
DEBUG main org.springframework.beans.factory.support.DefaultListableBeanFactory - Finished creating instance of bean 'sqlSessionFactoryBean'
DEBUG main org.springframework.beans.factory.support.DefaultListableBeanFactory - Returning cached instance of singleton bean 'org.springframework.transaction.config.internalTransactionAdvisor'
DEBUG main org.springframework.beans.factory.support.DefaultListableBeanFactory - Invoking afterPropertiesSet() on bean with name 'tbCompartmentDao'
DEBUG main org.springframework.beans.factory.support.DefaultListableBeanFactory - Returning cached instance of singleton bean 'org.springframework.transaction.config.internalTransactionAdvisor'
DEBUG main org.springframework.beans.factory.support.DefaultListableBeanFactory - Finished creating instance of bean 'tbCompartmentDao'
DEBUG main org.springframework.beans.factory.support.DefaultListableBeanFactory - Creating shared instance of singleton bean 'tbMusicDao'
DEBUG main org.springframework.beans.factory.support.DefaultListableBeanFactory - Creating instance of bean 'tbMusicDao'
DEBUG main org.springframework.beans.factory.support.DefaultListableBeanFactory - Eagerly caching bean 'tbMusicDao' to allow for resolving potential circular references
DEBUG main org.springframework.beans.factory.support.DefaultListableBeanFactory - Returning cached instance of singleton bean 'sqlSessionFactoryBean'
DEBUG main org.springframework.beans.factory.support.DefaultListableBeanFactory - Invoking afterPropertiesSet() on bean with name 'tbMusicDao'
DEBUG main org.springframework.beans.factory.support.DefaultListableBeanFactory - Returning cached instance of singleton bean 'org.springframework.transaction.config.internalTransactionAdvisor'
DEBUG main org.springframework.beans.factory.support.DefaultListableBeanFactory - Finished creating instance of bean 'tbMusicDao'
DEBUG main org.springframework.beans.factory.support.DefaultListableBeanFactory - Creating shared instance of singleton bean 'tbStaffDao'
DEBUG main org.springframework.beans.factory.support.DefaultListableBeanFactory - Creating instance of bean 'tbStaffDao'
DEBUG main org.springframework.beans.factory.support.DefaultListableBeanFactory - Eagerly caching bean 'tbStaffDao' to allow for resolving potential circular references
DEBUG main org.springframework.beans.factory.support.DefaultListableBeanFactory - Returning cached instance of singleton bean 'sqlSessionFactoryBean'
DEBUG main org.springframework.beans.factory.support.DefaultListableBeanFactory - Invoking afterPropertiesSet() on bean with name 'tbStaffDao'
DEBUG main org.springframework.beans.factory.support.DefaultListableBeanFactory - Returning cached instance of singleton bean 'org.springframework.transaction.config.internalTransactionAdvisor'
DEBUG main org.springframework.beans.factory.support.DefaultListableBeanFactory - Finished creating instance of bean 'tbStaffDao'
DEBUG main org.springframework.beans.factory.support.DefaultListableBeanFactory - Creating shared instance of singleton bean 'tbUserDao'
DEBUG main org.springframework.beans.factory.support.DefaultListableBeanFactory - Creating instance of bean 'tbUserDao'
DEBUG main org.springframework.beans.factory.support.DefaultListableBeanFactory - Eagerly caching bean 'tbUserDao' to allow for resolving potential circular references
DEBUG main org.springframework.beans.factory.support.DefaultListableBeanFactory - Returning cached instance of singleton bean 'sqlSessionFactoryBean'
DEBUG main org.springframework.beans.factory.support.DefaultListableBeanFactory - Invoking afterPropertiesSet() on bean with name 'tbUserDao'
DEBUG main org.springframework.beans.factory.support.DefaultListableBeanFactory - Returning cached instance of singleton bean 'org.springframework.transaction.config.internalTransactionAdvisor'
DEBUG main org.springframework.beans.factory.support.DefaultListableBeanFactory - Finished creating instance of bean 'tbUserDao'
DEBUG main org.springframework.beans.factory.support.DefaultListableBeanFactory - Returning cached instance of singleton bean 'org.springframework.context.event.internalEventListenerFactory'
DEBUG main org.springframework.beans.factory.support.DefaultListableBeanFactory - Returning cached instance of singleton bean 'org.springframework.transaction.config.internalTransactionalEventListenerFactory'
DEBUG main org.springframework.context.support.GenericApplicationContext - Unable to locate LifecycleProcessor with name 'lifecycleProcessor': using default [org.springframework.context.support.DefaultLifecycleProcessor@39549f33]
DEBUG main org.springframework.beans.factory.support.DefaultListableBeanFactory - Returning cached instance of singleton bean 'lifecycleProcessor'
DEBUG main org.springframework.beans.factory.support.DefaultListableBeanFactory - Returning cached instance of singleton bean 'sqlSessionFactoryBean'
DEBUG main org.springframework.core.env.PropertySourcesPropertyResolver - Could not find key 'spring.liveBeansView.mbeanDomain' in any property source
DEBUG main org.springframework.test.context.cache.DefaultCacheAwareContextLoaderDelegate - Storing ApplicationContext in cache under key [[MergedContextConfiguration@15d0c81b testClass = TbCompartmentDaoTest, locations = '{classpath*:applicationContext.xml}', classes = '{}', contextInitializerClasses = '[]', activeProfiles = '{}', propertySourceLocations = '{}', propertySourceProperties = '{}', contextCustomizers = set[[empty]], contextLoader = 'org.springframework.test.context.support.DelegatingSmartContextLoader', parent = [null]]]
DEBUG main org.springframework.test.context.cache - Spring test ApplicationContext cache statistics: [DefaultContextCache@28ee0a3c size = 1, maxSize = 32, parentContextCount = 0, hitCount = 0, missCount = 1]
DEBUG main org.springframework.beans.factory.annotation.InjectionMetadata - Processing injected element of bean 'com.mql.dao.TbCompartmentDaoTest': AutowiredFieldElement for com.mql.dao.TbCompartmentDao com.mql.dao.TbCompartmentDaoTest.tbCompartmentDao
DEBUG main org.springframework.beans.factory.support.DefaultListableBeanFactory - Returning cached instance of singleton bean 'tbCompartmentDao'
DEBUG main org.springframework.beans.factory.support.DefaultListableBeanFactory - Returning cached instance of singleton bean 'org.springframework.transaction.config.internalTransactionAdvisor'
DEBUG main org.springframework.beans.factory.annotation.AutowiredAnnotationBeanPostProcessor - Autowiring by type from bean name 'com.mql.dao.TbCompartmentDaoTest' to bean named 'tbCompartmentDao'
DEBUG main org.springframework.beans.factory.support.DefaultListableBeanFactory - Returning cached instance of singleton bean 'org.springframework.transaction.config.internalTransactionAdvisor'
DEBUG main org.springframework.test.context.support.AbstractDirtiesContextTestExecutionListener - Before test method: context [DefaultTestContext@74650e52 testClass = TbCompartmentDaoTest, testInstance = com.mql.dao.TbCompartmentDaoTest@536aaa8d, testMethod = insert@TbCompartmentDaoTest, testException = [null], mergedContextConfiguration = [MergedContextConfiguration@15d0c81b testClass = TbCompartmentDaoTest, locations = '{classpath*:applicationContext.xml}', classes = '{}', contextInitializerClasses = '[]', activeProfiles = '{}', propertySourceLocations = '{}', propertySourceProperties = '{}', contextCustomizers = set[[empty]], contextLoader = 'org.springframework.test.context.support.DelegatingSmartContextLoader', parent = [null]], attributes = map[[empty]]], class annotated with @DirtiesContext [false] with mode [null], method annotated with @DirtiesContext [false] with mode [null].
DEBUG main org.mybatis.spring.SqlSessionUtils - Creating a new SqlSession
DEBUG main org.mybatis.spring.SqlSessionUtils - SqlSession [org.apache.ibatis.session.defaults.DefaultSqlSession@541afb85] was not registered for synchronization because synchronization is not active
DEBUG main org.springframework.jdbc.datasource.DataSourceUtils - Fetching JDBC Connection from DataSource
DEBUG main org.mybatis.spring.transaction.SpringManagedTransaction - JDBC Connection [jdbc:mysql://localhost:3306/ktv?allowMultiQueries=true&useUnicode=true&characterEncoding=UTF-8, UserName=root@localhost, MySQL Connector Java] will not be managed by Spring
DEBUG main com.mql.dao.TbCompartmentDao.insert - ==>  Preparing: INSERT INTO tb_compartment ( `compartmentId`, `compartmentName` ) VALUES ( ?, ? ) 
DEBUG main com.mql.dao.TbCompartmentDao.insert - ==> Parameters: 534bf44288f14d509c7b53abda70a210(String), 包房1(String)
DEBUG main com.mql.dao.TbCompartmentDao.insert - <==    Updates: 1
DEBUG main org.mybatis.spring.SqlSessionUtils - Closing non transactional SqlSession [org.apache.ibatis.session.defaults.DefaultSqlSession@541afb85]
DEBUG main org.springframework.jdbc.datasource.DataSourceUtils - Returning JDBC Connection to DataSource
DEBUG main org.mybatis.spring.SqlSessionUtils - Creating a new SqlSession
DEBUG main org.mybatis.spring.SqlSessionUtils - SqlSession [org.apache.ibatis.session.defaults.DefaultSqlSession@291a4791] was not registered for synchronization because synchronization is not active
DEBUG main org.springframework.jdbc.datasource.DataSourceUtils - Fetching JDBC Connection from DataSource
DEBUG main org.mybatis.spring.transaction.SpringManagedTransaction - JDBC Connection [jdbc:mysql://localhost:3306/ktv?allowMultiQueries=true&useUnicode=true&characterEncoding=UTF-8, UserName=root@localhost, MySQL Connector Java] will not be managed by Spring
DEBUG main com.mql.dao.TbCompartmentDao.insert - ==>  Preparing: INSERT INTO tb_compartment ( `compartmentId`, `compartmentName` ) VALUES ( ?, ? ) 
DEBUG main com.mql.dao.TbCompartmentDao.insert - ==> Parameters: 8bc08190c6c04672b48dae9e55e72883(String), 包房2(String)
DEBUG main com.mql.dao.TbCompartmentDao.insert - <==    Updates: 1
DEBUG main org.mybatis.spring.SqlSessionUtils - Closing non transactional SqlSession [org.apache.ibatis.session.defaults.DefaultSqlSession@291a4791]
DEBUG main org.springframework.jdbc.datasource.DataSourceUtils - Returning JDBC Connection to DataSource
DEBUG main org.mybatis.spring.SqlSessionUtils - Creating a new SqlSession
DEBUG main org.mybatis.spring.SqlSessionUtils - SqlSession [org.apache.ibatis.session.defaults.DefaultSqlSession@bb3ecfe] was not registered for synchronization because synchronization is not active
DEBUG main org.springframework.jdbc.datasource.DataSourceUtils - Fetching JDBC Connection from DataSource
DEBUG main org.mybatis.spring.transaction.SpringManagedTransaction - JDBC Connection [jdbc:mysql://localhost:3306/ktv?allowMultiQueries=true&useUnicode=true&characterEncoding=UTF-8, UserName=root@localhost, MySQL Connector Java] will not be managed by Spring
DEBUG main com.mql.dao.TbCompartmentDao.insert - ==>  Preparing: INSERT INTO tb_compartment ( `compartmentId`, `compartmentName` ) VALUES ( ?, ? ) 
DEBUG main com.mql.dao.TbCompartmentDao.insert - ==> Parameters: b6c038042fa3484ca100b20eac996f97(String), 包房3(String)
DEBUG main com.mql.dao.TbCompartmentDao.insert - <==    Updates: 1
DEBUG main org.mybatis.spring.SqlSessionUtils - Closing non transactional SqlSession [org.apache.ibatis.session.defaults.DefaultSqlSession@bb3ecfe]
DEBUG main org.springframework.jdbc.datasource.DataSourceUtils - Returning JDBC Connection to DataSource
DEBUG main org.mybatis.spring.SqlSessionUtils - Creating a new SqlSession
DEBUG main org.mybatis.spring.SqlSessionUtils - SqlSession [org.apache.ibatis.session.defaults.DefaultSqlSession@582e9152] was not registered for synchronization because synchronization is not active
DEBUG main org.springframework.jdbc.datasource.DataSourceUtils - Fetching JDBC Connection from DataSource
DEBUG main org.mybatis.spring.transaction.SpringManagedTransaction - JDBC Connection [jdbc:mysql://localhost:3306/ktv?allowMultiQueries=true&useUnicode=true&characterEncoding=UTF-8, UserName=root@localhost, MySQL Connector Java] will not be managed by Spring
DEBUG main com.mql.dao.TbCompartmentDao.insert - ==>  Preparing: INSERT INTO tb_compartment ( `compartmentId`, `compartmentName` ) VALUES ( ?, ? ) 
DEBUG main com.mql.dao.TbCompartmentDao.insert - ==> Parameters: 44957ad592f94bdbb2f197a6cd167c86(String), 包房4(String)
DEBUG main com.mql.dao.TbCompartmentDao.insert - <==    Updates: 1
DEBUG main org.mybatis.spring.SqlSessionUtils - Closing non transactional SqlSession [org.apache.ibatis.session.defaults.DefaultSqlSession@582e9152]
DEBUG main org.springframework.jdbc.datasource.DataSourceUtils - Returning JDBC Connection to DataSource
DEBUG main org.mybatis.spring.SqlSessionUtils - Creating a new SqlSession
DEBUG main org.mybatis.spring.SqlSessionUtils - SqlSession [org.apache.ibatis.session.defaults.DefaultSqlSession@60b5e80d] was not registered for synchronization because synchronization is not active
DEBUG main org.springframework.jdbc.datasource.DataSourceUtils - Fetching JDBC Connection from DataSource
DEBUG main org.mybatis.spring.transaction.SpringManagedTransaction - JDBC Connection [jdbc:mysql://localhost:3306/ktv?allowMultiQueries=true&useUnicode=true&characterEncoding=UTF-8, UserName=root@localhost, MySQL Connector Java] will not be managed by Spring
DEBUG main com.mql.dao.TbCompartmentDao.insert - ==>  Preparing: INSERT INTO tb_compartment ( `compartmentId`, `compartmentName` ) VALUES ( ?, ? ) 
DEBUG main com.mql.dao.TbCompartmentDao.insert - ==> Parameters: ef7d1bd6956d4853860daccb3ad52eec(String), 包房5(String)
DEBUG main com.mql.dao.TbCompartmentDao.insert - <==    Updates: 1
DEBUG main org.mybatis.spring.SqlSessionUtils - Closing non transactional SqlSession [org.apache.ibatis.session.defaults.DefaultSqlSession@60b5e80d]
DEBUG main org.springframework.jdbc.datasource.DataSourceUtils - Returning JDBC Connection to DataSource
DEBUG main org.mybatis.spring.SqlSessionUtils - Creating a new SqlSession
DEBUG main org.mybatis.spring.SqlSessionUtils - SqlSession [org.apache.ibatis.session.defaults.DefaultSqlSession@391515c7] was not registered for synchronization because synchronization is not active
DEBUG main org.springframework.jdbc.datasource.DataSourceUtils - Fetching JDBC Connection from DataSource
DEBUG main org.mybatis.spring.transaction.SpringManagedTransaction - JDBC Connection [jdbc:mysql://localhost:3306/ktv?allowMultiQueries=true&useUnicode=true&characterEncoding=UTF-8, UserName=root@localhost, MySQL Connector Java] will not be managed by Spring
DEBUG main com.mql.dao.TbCompartmentDao.insert - ==>  Preparing: INSERT INTO tb_compartment ( `compartmentId`, `compartmentName` ) VALUES ( ?, ? ) 
DEBUG main com.mql.dao.TbCompartmentDao.insert - ==> Parameters: a4a6c1a7ee674de0bb239de54017c13d(String), 包房6(String)
DEBUG main com.mql.dao.TbCompartmentDao.insert - <==    Updates: 1
DEBUG main org.mybatis.spring.SqlSessionUtils - Closing non transactional SqlSession [org.apache.ibatis.session.defaults.DefaultSqlSession@391515c7]
DEBUG main org.springframework.jdbc.datasource.DataSourceUtils - Returning JDBC Connection to DataSource
DEBUG main org.springframework.test.context.support.AbstractDirtiesContextTestExecutionListener - After test method: context [DefaultTestContext@74650e52 testClass = TbCompartmentDaoTest, testInstance = com.mql.dao.TbCompartmentDaoTest@536aaa8d, testMethod = insert@TbCompartmentDaoTest, testException = [null], mergedContextConfiguration = [MergedContextConfiguration@15d0c81b testClass = TbCompartmentDaoTest, locations = '{classpath*:applicationContext.xml}', classes = '{}', contextInitializerClasses = '[]', activeProfiles = '{}', propertySourceLocations = '{}', propertySourceProperties = '{}', contextCustomizers = set[[empty]], contextLoader = 'org.springframework.test.context.support.DelegatingSmartContextLoader', parent = [null]], attributes = map[[empty]]], class annotated with @DirtiesContext [false] with mode [null], method annotated with @DirtiesContext [false] with mode [null].
DEBUG main org.springframework.test.context.support.AbstractDirtiesContextTestExecutionListener - After test class: context [DefaultTestContext@74650e52 testClass = TbCompartmentDaoTest, testInstance = [null], testMethod = [null], testException = [null], mergedContextConfiguration = [MergedContextConfiguration@15d0c81b testClass = TbCompartmentDaoTest, locations = '{classpath*:applicationContext.xml}', classes = '{}', contextInitializerClasses = '[]', activeProfiles = '{}', propertySourceLocations = '{}', propertySourceProperties = '{}', contextCustomizers = set[[empty]], contextLoader = 'org.springframework.test.context.support.DelegatingSmartContextLoader', parent = [null]], attributes = map[[empty]]], class annotated with @DirtiesContext [false] with mode [null].
INFO Thread-1 org.springframework.context.support.GenericApplicationContext - Closing org.springframework.context.support.GenericApplicationContext@32d2fa64: startup date [Sun Feb 17 14:32:09 CST 2019]; root of context hierarchy
DEBUG Thread-1 org.springframework.beans.factory.support.DefaultListableBeanFactory - Returning cached instance of singleton bean 'sqlSessionFactoryBean'
DEBUG Thread-1 org.springframework.beans.factory.support.DefaultListableBeanFactory - Returning cached instance of singleton bean 'lifecycleProcessor'
DEBUG Thread-1 org.springframework.beans.factory.support.DefaultListableBeanFactory - Destroying singletons in org.springframework.beans.factory.support.DefaultListableBeanFactory@47f04e4d: defining beans [compartmentController,musicController,pageController,staffController,userController,compartmentService,musicService,staffService,userService,org.springframework.context.annotation.internalConfigurationAnnotationProcessor,org.springframework.context.annotation.internalAutowiredAnnotationProcessor,org.springframework.context.annotation.internalRequiredAnnotationProcessor,org.springframework.context.annotation.internalCommonAnnotationProcessor,org.springframework.context.event.internalEventListenerProcessor,org.springframework.context.event.internalEventListenerFactory,org.springframework.beans.factory.config.PropertyPlaceholderConfigurer#0,dataSource,sqlSessionFactoryBean,org.mybatis.spring.mapper.MapperScannerConfigurer#0,transactionManager,org.springframework.transaction.config.internalTransactionalEventListenerFactory,org.springframework.aop.config.internalAutoProxyCreator,org.springframework.transaction.annotation.AnnotationTransactionAttributeSource#0,org.springframework.transaction.interceptor.TransactionInterceptor#0,org.springframework.transaction.config.internalTransactionAdvisor,tbCompartmentDao,tbMusicDao,tbStaffDao,tbUserDao]; root of factory hierarchy
DEBUG Thread-1 org.springframework.beans.factory.support.DefaultListableBeanFactory - Retrieved dependent beans for bean 'sqlSessionFactoryBean': [tbCompartmentDao, tbMusicDao, tbStaffDao, tbUserDao]
DEBUG Thread-1 org.springframework.beans.factory.support.DefaultListableBeanFactory - Retrieved dependent beans for bean 'tbCompartmentDao': [com.mql.dao.TbCompartmentDaoTest]
